<html>
<head>
<title>TestNG:  Test</title>
<link href="../testng.css" rel="stylesheet" type="text/css" />
<link href="../my-testng.css" rel="stylesheet" type="text/css" />

<style type="text/css">
.log { display: none;} 
.stack-trace { display: none;} 
</style>
<script type="text/javascript">
<!--
function flip(e) {
  current = e.style.display;
  if (current == 'block') {
    e.style.display = 'none';
    return 0;
  }
  else {
    e.style.display = 'block';
    return 1;
  }
}

function toggleBox(szDivId, elem, msg1, msg2)
{
  var res = -1;  if (document.getElementById) {
    res = flip(document.getElementById(szDivId));
  }
  else if (document.all) {
    // this is the way old msie versions work
    res = flip(document.all[szDivId]);
  }
  if(elem) {
    if(res == 0) elem.innerHTML = msg1; else elem.innerHTML = msg2;
  }

}

function toggleAllBoxes() {
  if (document.getElementsByTagName) {
    d = document.getElementsByTagName('div');
    for (i = 0; i < d.length; i++) {
      if (d[i].className == 'log') {
        flip(d[i]);
      }
    }
  }
}

// -->
</script>

</head>
<body>
<h2 align='center'>Test</h2><table border='1' align="center">
<tr>
<td>Tests passed/Failed/Skipped:</td><td>0/0/7</td>
</tr><tr>
<td>Started on:</td><td>Thu Oct 08 13:01:01 IST 2020</td>
</tr>
<tr><td>Total time:</td><td>315 seconds (315356 ms)</td>
</tr><tr>
<td>Included groups:</td><td></td>
</tr><tr>
<td>Excluded groups:</td><td></td>
</tr>
</table><p/>
<small><i>(Hover the method name to see the test class name)</i></small><p/>
<table width='100%' border='1' class='invocation-failed'>
<tr><td colspan='4' align='center'><b>FAILED CONFIGURATIONS</b></td></tr>
<tr><td><b>Test method</b></td>
<td width="30%"><b>Exception</b></td>
<td width="10%"><b>Time (seconds)</b></td>
<td><b>Instance</b></td>
</tr>
<tr>
<td title='com.yoloj.TestCases.TC_UserRegister_02.setup()'><b>setup</b><br>Test class: com.yoloj.TestCases.TC_UserRegister_02</td>
<td><div><pre>org.openqa.selenium.TimeoutException: timeout
  (Session info: chrome=85.0.4183.121)
  (Driver info: chromedriver=2.43.600210 (68dcf5eebde37173d4027fa8635e332711d2874a),platform=Windows NT 10.0.18362 x86_64) (WARNING: The server did not provide any stacktrace information)
Command duration or timeout: 0 milliseconds
Build info: version: &apos;3.141.59&apos;, revision: &apos;e82be7d358&apos;, time: &apos;2018-11-14T08:17:03&apos;
System info: host: &apos;DESKTOP-0H2MMO1&apos;, ip: &apos;192.168.1.5&apos;, os.name: &apos;Windows 10&apos;, os.arch: &apos;amd64&apos;, os.version: &apos;10.0&apos;, java.version: &apos;1.8.0_201&apos;
Driver info: org.openqa.selenium.chrome.ChromeDriver
Capabilities {acceptInsecureCerts: false, acceptSslCerts: false, applicationCacheEnabled: false, browserConnectionEnabled: false, browserName: chrome, chrome: {chromedriverVersion: 2.43.600210 (68dcf5eebde371..., userDataDir: C:\Users\hp\AppData\Local\T...}, cssSelectorsEnabled: true, databaseEnabled: false, goog:chromeOptions: {debuggerAddress: localhost:10884}, handlesAlerts: true, hasTouchScreen: false, javascriptEnabled: true, locationContextEnabled: true, mobileEmulationEnabled: false, nativeEvents: true, networkConnectionEnabled: false, pageLoadStrategy: normal, platform: XP, platformName: XP, rotatable: false, setWindowRect: true, takesHeapSnapshot: true, takesScreenshot: true, unexpectedAlertBehaviour: , unhandledPromptBehavior: , version: 85.0.4183.121, webStorageEnabled: true}
Session ID: 397745ef1752530d5dade7ead741099b
	at org.openqa.selenium.remote.ErrorHandler.createThrowable(ErrorHandler.java:214)
	at org.openqa.selenium.remote.ErrorHandler.throwIfResponseFailed(ErrorHandler.java:166)
	at org.openqa.selenium.remote.http.JsonHttpResponseCodec.reconstructValue(JsonHttpResponseCodec.java:40)
	at org.openqa.selenium.remote.http.AbstractHttpResponseCodec.decode(AbstractHttpResponseCodec.java:80)
	at org.openqa.selenium.remote.http.AbstractHttpResponseCodec.decode(AbstractHttpResponseCodec.java:44)
	at org.openqa.selenium.remote.HttpCommandExecutor.execute(HttpCommandExecutor.java:158)
	at org.openqa.selenium.remote.service.DriverCommandExecutor.execute(DriverCommandExecutor.java:83)
	at org.openqa.selenium.remote.RemoteWebDriver.execute(RemoteWebDriver.java:552)
	at org.openqa.selenium.remote.RemoteWebDriver.get(RemoteWebDriver.java:277)
	at com.yoloj.TestCases.BaseClass.setup(BaseClass.java:117)
... Removed 28 stack frames</pre></div><a href='#' onClick='toggleBox("stack-trace389993238", this, "Click to show all stack frames", "Click to hide stack frames")'>Click to show all stack frames</a>
<div class='stack-trace' id='stack-trace389993238'><pre>org.openqa.selenium.TimeoutException: timeout
  (Session info: chrome=85.0.4183.121)
  (Driver info: chromedriver=2.43.600210 (68dcf5eebde37173d4027fa8635e332711d2874a),platform=Windows NT 10.0.18362 x86_64) (WARNING: The server did not provide any stacktrace information)
Command duration or timeout: 0 milliseconds
Build info: version: &apos;3.141.59&apos;, revision: &apos;e82be7d358&apos;, time: &apos;2018-11-14T08:17:03&apos;
System info: host: &apos;DESKTOP-0H2MMO1&apos;, ip: &apos;192.168.1.5&apos;, os.name: &apos;Windows 10&apos;, os.arch: &apos;amd64&apos;, os.version: &apos;10.0&apos;, java.version: &apos;1.8.0_201&apos;
Driver info: org.openqa.selenium.chrome.ChromeDriver
Capabilities {acceptInsecureCerts: false, acceptSslCerts: false, applicationCacheEnabled: false, browserConnectionEnabled: false, browserName: chrome, chrome: {chromedriverVersion: 2.43.600210 (68dcf5eebde371..., userDataDir: C:\Users\hp\AppData\Local\T...}, cssSelectorsEnabled: true, databaseEnabled: false, goog:chromeOptions: {debuggerAddress: localhost:10884}, handlesAlerts: true, hasTouchScreen: false, javascriptEnabled: true, locationContextEnabled: true, mobileEmulationEnabled: false, nativeEvents: true, networkConnectionEnabled: false, pageLoadStrategy: normal, platform: XP, platformName: XP, rotatable: false, setWindowRect: true, takesHeapSnapshot: true, takesScreenshot: true, unexpectedAlertBehaviour: , unhandledPromptBehavior: , version: 85.0.4183.121, webStorageEnabled: true}
Session ID: 397745ef1752530d5dade7ead741099b
	at sun.reflect.NativeConstructorAccessorImpl.newInstance0(Native Method)
	at sun.reflect.NativeConstructorAccessorImpl.newInstance(NativeConstructorAccessorImpl.java:62)
	at sun.reflect.DelegatingConstructorAccessorImpl.newInstance(DelegatingConstructorAccessorImpl.java:45)
	at java.lang.reflect.Constructor.newInstance(Constructor.java:423)
	at org.openqa.selenium.remote.ErrorHandler.createThrowable(ErrorHandler.java:214)
	at org.openqa.selenium.remote.ErrorHandler.throwIfResponseFailed(ErrorHandler.java:166)
	at org.openqa.selenium.remote.http.JsonHttpResponseCodec.reconstructValue(JsonHttpResponseCodec.java:40)
	at org.openqa.selenium.remote.http.AbstractHttpResponseCodec.decode(AbstractHttpResponseCodec.java:80)
	at org.openqa.selenium.remote.http.AbstractHttpResponseCodec.decode(AbstractHttpResponseCodec.java:44)
	at org.openqa.selenium.remote.HttpCommandExecutor.execute(HttpCommandExecutor.java:158)
	at org.openqa.selenium.remote.service.DriverCommandExecutor.execute(DriverCommandExecutor.java:83)
	at org.openqa.selenium.remote.RemoteWebDriver.execute(RemoteWebDriver.java:552)
	at org.openqa.selenium.remote.RemoteWebDriver.get(RemoteWebDriver.java:277)
	at com.yoloj.TestCases.BaseClass.setup(BaseClass.java:117)
	at sun.reflect.NativeMethodAccessorImpl.invoke0(Native Method)
	at sun.reflect.NativeMethodAccessorImpl.invoke(NativeMethodAccessorImpl.java:62)
	at sun.reflect.DelegatingMethodAccessorImpl.invoke(DelegatingMethodAccessorImpl.java:43)
	at java.lang.reflect.Method.invoke(Method.java:498)
	at org.testng.internal.MethodInvocationHelper.invokeMethod(MethodInvocationHelper.java:86)
	at org.testng.internal.Invoker.invokeConfigurationMethod(Invoker.java:514)
	at org.testng.internal.Invoker.invokeConfigurations(Invoker.java:215)
	at org.testng.internal.Invoker.invokeConfigurations(Invoker.java:142)
	at org.testng.internal.TestMethodWorker.invokeBeforeClassMethods(TestMethodWorker.java:178)
	at org.testng.internal.TestMethodWorker.run(TestMethodWorker.java:108)
	at org.testng.TestRunner.privateRun(TestRunner.java:782)
	at org.testng.TestRunner.run(TestRunner.java:632)
	at org.testng.SuiteRunner.runTest(SuiteRunner.java:366)
	at org.testng.SuiteRunner.runSequentially(SuiteRunner.java:361)
	at org.testng.SuiteRunner.privateRun(SuiteRunner.java:319)
	at org.testng.SuiteRunner.run(SuiteRunner.java:268)
	at org.testng.SuiteRunnerWorker.runSuite(SuiteRunnerWorker.java:52)
	at org.testng.SuiteRunnerWorker.run(SuiteRunnerWorker.java:86)
	at org.testng.TestNG.runSuitesSequentially(TestNG.java:1244)
	at org.testng.TestNG.runSuitesLocally(TestNG.java:1169)
	at org.testng.TestNG.run(TestNG.java:1064)
	at org.testng.remote.RemoteTestNG.run(RemoteTestNG.java:113)
	at org.testng.remote.RemoteTestNG.initAndRun(RemoteTestNG.java:206)
	at org.testng.remote.RemoteTestNG.main(RemoteTestNG.java:177)
</pre></div></td>
<td>0</td>
<td>com.yoloj.TestCases.TC_UserRegister_02@511baa65</td></tr>
</table><p>
<table width='100%' border='1' class='invocation-skipped'>
<tr><td colspan='4' align='center'><b>SKIPPED CONFIGURATIONS</b></td></tr>
<tr><td><b>Test method</b></td>
<td width="30%"><b>Exception</b></td>
<td width="10%"><b>Time (seconds)</b></td>
<td><b>Instance</b></td>
</tr>
<tr>
<td title='com.yoloj.TestCases.TC_ProviderRegister_Retest.setup()'><b>setup</b><br>Test class: com.yoloj.TestCases.TC_ProviderRegister_Retest</td>
<td></td>
<td>0</td>
<td>com.yoloj.TestCases.TC_ProviderRegister_Retest@340f438e</td></tr>
<tr>
<td title='com.yoloj.TestCases.TC_ProviderRegister_OrgDetails.setup()'><b>setup</b><br>Test class: com.yoloj.TestCases.TC_ProviderRegister_OrgDetails</td>
<td></td>
<td>0</td>
<td>com.yoloj.TestCases.TC_ProviderRegister_OrgDetails@30c7da1e</td></tr>
<tr>
<td title='com.yoloj.TestCases.TC_ProviderRegister_ServiceDetails.setup()'><b>setup</b><br>Test class: com.yoloj.TestCases.TC_ProviderRegister_ServiceDetails</td>
<td></td>
<td>0</td>
<td>com.yoloj.TestCases.TC_ProviderRegister_ServiceDetails@5b464ce8</td></tr>
<tr>
<td title='com.yoloj.TestCases.TC_UserDashboard.setup()'><b>setup</b><br>Test class: com.yoloj.TestCases.TC_UserDashboard</td>
<td></td>
<td>0</td>
<td>com.yoloj.TestCases.TC_UserDashboard@57829d67</td></tr>
<tr>
<td title='com.yoloj.TestCases.TC_Login_Retest.setup()'><b>setup</b><br>Test class: com.yoloj.TestCases.TC_Login_Retest</td>
<td></td>
<td>0</td>
<td>com.yoloj.TestCases.TC_Login_Retest@19dfb72a</td></tr>
<tr>
<td title='com.yoloj.TestCases.TC_ProviderLogin_Retest.setup()'><b>setup</b><br>Test class: com.yoloj.TestCases.TC_ProviderLogin_Retest</td>
<td></td>
<td>0</td>
<td>com.yoloj.TestCases.TC_ProviderLogin_Retest@17c68925</td></tr>
<tr>
<td title='com.yoloj.TestCases.TC_UserRegister_02.tearDown()'><b>tearDown</b><br>Test class: com.yoloj.TestCases.TC_UserRegister_02</td>
<td></td>
<td>0</td>
<td>com.yoloj.TestCases.TC_UserRegister_02@511baa65</td></tr>
<tr>
<td title='com.yoloj.TestCases.TC_ProviderRegister_Retest.tearDown()'><b>tearDown</b><br>Test class: com.yoloj.TestCases.TC_ProviderRegister_Retest</td>
<td></td>
<td>0</td>
<td>com.yoloj.TestCases.TC_ProviderRegister_Retest@340f438e</td></tr>
<tr>
<td title='com.yoloj.TestCases.TC_ProviderRegister_OrgDetails.tearDown()'><b>tearDown</b><br>Test class: com.yoloj.TestCases.TC_ProviderRegister_OrgDetails</td>
<td></td>
<td>0</td>
<td>com.yoloj.TestCases.TC_ProviderRegister_OrgDetails@30c7da1e</td></tr>
<tr>
<td title='com.yoloj.TestCases.TC_ProviderRegister_ServiceDetails.tearDown()'><b>tearDown</b><br>Test class: com.yoloj.TestCases.TC_ProviderRegister_ServiceDetails</td>
<td></td>
<td>0</td>
<td>com.yoloj.TestCases.TC_ProviderRegister_ServiceDetails@5b464ce8</td></tr>
<tr>
<td title='com.yoloj.TestCases.TC_UserDashboard.tearDown()'><b>tearDown</b><br>Test class: com.yoloj.TestCases.TC_UserDashboard</td>
<td></td>
<td>0</td>
<td>com.yoloj.TestCases.TC_UserDashboard@57829d67</td></tr>
<tr>
<td title='com.yoloj.TestCases.TC_Login_Retest.tearDown()'><b>tearDown</b><br>Test class: com.yoloj.TestCases.TC_Login_Retest</td>
<td></td>
<td>0</td>
<td>com.yoloj.TestCases.TC_Login_Retest@19dfb72a</td></tr>
<tr>
<td title='com.yoloj.TestCases.TC_ProviderLogin_Retest.tearDown()'><b>tearDown</b><br>Test class: com.yoloj.TestCases.TC_ProviderLogin_Retest</td>
<td></td>
<td>0</td>
<td>com.yoloj.TestCases.TC_ProviderLogin_Retest@17c68925</td></tr>
</table><p>
<table width='100%' border='1' class='invocation-skipped'>
<tr><td colspan='4' align='center'><b>SKIPPED TESTS</b></td></tr>
<tr><td><b>Test method</b></td>
<td width="30%"><b>Exception</b></td>
<td width="10%"><b>Time (seconds)</b></td>
<td><b>Instance</b></td>
</tr>
<tr>
<td title='com.yoloj.TestCases.TC_ProviderRegister_OrgDetails.OrgDetails()'><b>OrgDetails</b><br>Test class: com.yoloj.TestCases.TC_ProviderRegister_OrgDetails</td>
<td></td>
<td>0</td>
<td>com.yoloj.TestCases.TC_ProviderRegister_OrgDetails@30c7da1e</td></tr>
<tr>
<td title='com.yoloj.TestCases.TC_ProviderRegister_ServiceDetails.ServideType()'><b>ServideType</b><br>Test class: com.yoloj.TestCases.TC_ProviderRegister_ServiceDetails</td>
<td></td>
<td>0</td>
<td>com.yoloj.TestCases.TC_ProviderRegister_ServiceDetails@5b464ce8</td></tr>
<tr>
<td title='com.yoloj.TestCases.TC_Login_Retest.loginTestCase()'><b>loginTestCase</b><br>Test class: com.yoloj.TestCases.TC_Login_Retest</td>
<td></td>
<td>0</td>
<td>com.yoloj.TestCases.TC_Login_Retest@19dfb72a</td></tr>
<tr>
<td title='com.yoloj.TestCases.TC_ProviderLogin_Retest.loginTestCase()'><b>loginTestCase</b><br>Test class: com.yoloj.TestCases.TC_ProviderLogin_Retest</td>
<td></td>
<td>0</td>
<td>com.yoloj.TestCases.TC_ProviderLogin_Retest@17c68925</td></tr>
<tr>
<td title='com.yoloj.TestCases.TC_ProviderRegister_Retest.providerRegister()'><b>providerRegister</b><br>Test class: com.yoloj.TestCases.TC_ProviderRegister_Retest</td>
<td></td>
<td>0</td>
<td>com.yoloj.TestCases.TC_ProviderRegister_Retest@340f438e</td></tr>
<tr>
<td title='com.yoloj.TestCases.TC_UserRegister_02.test2()'><b>test2</b><br>Test class: com.yoloj.TestCases.TC_UserRegister_02</td>
<td></td>
<td>0</td>
<td>com.yoloj.TestCases.TC_UserRegister_02@511baa65</td></tr>
<tr>
<td title='com.yoloj.TestCases.TC_UserDashboard.userTest()'><b>userTest</b><br>Test class: com.yoloj.TestCases.TC_UserDashboard</td>
<td></td>
<td>0</td>
<td>com.yoloj.TestCases.TC_UserDashboard@57829d67</td></tr>
</table><p>
</body>
</html>